***  Installation Started 10/03/2011 23:34  ***
Title: SmartDraw 2010 Installation
Source: D:\Windows\1~1.OFF\SMARTD~1.ORG\SMARTD~1.EXE | 09-19-2009 | 20:58:26 | 24822080
Made Dir: C:\Program Files\SmartDraw 2010
File Copy: C:\Program Files\SmartDraw 2010\License.txt | 07-08-2009 | 09:21:34 | | 16841 | 9a386537
File Overwrite: C:\Program Files\SmartDraw 2010\License.txt | 07-08-2009 | 09:21:34 | | 16841 | 9a386537
File Overwrite: C:\Program Files\SmartDraw 2010\License.txt | 07-08-2009 | 09:21:34 | | 16841 | 9a386537
File Copy: C:\Program Files\SmartDraw 2010\CaseMapLink.dll
File Copy: C:\Program Files\SmartDraw 2010\SDOUninstall.exe
File Copy: C:\Program Files\SmartDraw 2010\dsoframer.exe
File Copy: C:\Program Files\SmartDraw 2010\dsoframer.ocx
File Copy: C:\Program Files\SmartDraw 2010\GLU32.DLL
File Copy: C:\Program Files\SmartDraw 2010\GLUT32.DLL
File Copy: C:\Program Files\SmartDraw 2010\ipworks5.dll
File Copy: C:\Program Files\SmartDraw 2010\LTDIS13n.dll
File Copy: C:\Program Files\SmartDraw 2010\ltefx13n.dll
File Copy: C:\Program Files\SmartDraw 2010\ltfil13n.DLL
File Copy: C:\Program Files\SmartDraw 2010\ltimg13n.dll
File Copy: C:\Program Files\SmartDraw 2010\ltkrn13n.dll
File Copy: C:\Program Files\SmartDraw 2010\Microsoft.Office.Interop.MSProject.dll
File Copy: C:\Program Files\SmartDraw 2010\OPENGL32.DLL
File Copy: C:\Program Files\SmartDraw 2010\OSMESA32.DLL
File Copy: C:\Program Files\SmartDraw 2010\PDC.dll
File Copy: C:\Program Files\SmartDraw 2010\PDC.exe
File Copy: C:\Program Files\SmartDraw 2010\PDV.dll
File Copy: C:\Program Files\SmartDraw 2010\SDC.DLL
File Copy: C:\Program Files\SmartDraw 2010\SDData.dll
File Copy: C:\Program Files\SmartDraw 2010\SDExcelImport.dll
File Copy: C:\Program Files\SmartDraw 2010\SDG.dll
File Copy: C:\Program Files\SmartDraw 2010\SDHelp.exe
File Copy: C:\Program Files\SmartDraw 2010\SDImport.dll
File Copy: C:\Program Files\SmartDraw 2010\SDImportMgd.dll
File Copy: C:\Program Files\SmartDraw 2010\SDIT.dll
File Copy: C:\Program Files\SmartDraw 2010\SDPB.dll
File Copy: C:\Program Files\SmartDraw 2010\SDT.dll
File Copy: C:\Program Files\SmartDraw 2010\SDW.dll
File Copy: C:\Program Files\SmartDraw 2010\SmartDraw.exe
File Copy: C:\Program Files\SmartDraw 2010\SmartDrawNet.exe
File Copy: C:\Program Files\SmartDraw 2010\SSCE5332.dll
File Copy: C:\Program Files\SmartDraw 2010\UNWISE32.EXE
File Copy: C:\Program Files\SmartDraw 2010\UNWISE.EXE
File Copy: C:\Program Files\SmartDraw 2010\SDX.DLL
File Copy: C:\Program Files\SmartDraw 2010\SDX.DLX
File Copy: C:\Program Files\SmartDraw 2010\SDLIB.DLL
File Copy: C:\Program Files\SmartDraw 2010\HubKey.Web.Services.SharePoint.dll
File Copy: C:\Program Files\SmartDraw 2010\SDSharePoint.dll
File Copy: C:\Program Files\SmartDraw 2010\SDSharePointMgd.dll
File Copy: C:\Program Files\SmartDraw 2010\SDThumbnail.dll
File Copy: C:\Program Files\SmartDraw 2010\SDVisioFilter.DLL
File Copy: C:\Program Files\SmartDraw 2010\SmartDrawIFilter.dll
File Copy: C:\Program Files\SmartDraw 2010\ssocli.dll
File Copy: C:\Program Files\SmartDraw 2010\License.txt
File Tree: C:\Program Files\SmartDraw 2010\Library\*.*
File Tree: C:\Program Files\SmartDraw 2010\Templates\*.*
File Tree: C:\Program Files\SmartDraw 2010\Messages\*.*
File Tree: C:\Program Files\SmartDraw 2010\Ribbons\*.*
File Tree: C:\Program Files\SmartDraw 2010\Help\*.*
File Tree: C:\Program Files\SmartDraw 2010\SmartHelp\*.*
File Tree: C:\Program Files\SmartDraw 2010\Tooltips\*.*
File Tree: C:\Program Files\SmartDraw 2010\Trial\*.*
File Tree: C:\Program Files\SmartDraw 2010\Filters\*.*
File Tree: C:\Program Files\SmartDraw 2010\Spelling\*.*
File Copy: C:\Program Files\SmartDraw 2010\SmartDraw User's Guide.pdf
File Copy: C:\Program Files\SmartDraw 2010\License.txt
File Copy: C:\Program Files\SmartDraw 2010\SDValidationLog.txt
RegDB Key: Software\SmartDraw.com\SmartDraw\DCODE
RegDB Val: DWXIU
RegDB Root: 1
File Copy: C:\Program Files\SmartDraw 2010\Uninstall.exe | 08-16-2009 | 13:49:28 | | 168576 | 6a4334ca
File Copy: C:\Program Files\SmartDraw 2010\Messages.exe | 09-04-2009 | 20:08:04 | 4.65.0.0 | 320891 | 7c5399dd
Made Dir: C:\Program Files\SmartDraw 2010\Help
File Copy: C:\Program Files\SmartDraw 2010\Help\help.ini | 08-24-2009 | 07:24:12 | | 6404 | a0a8ec0
File Copy: C:\Program Files\SmartDraw 2010\Filters.exe | 08-21-2009 | 16:37:38 | 4.65.0.0 | 1467675 | 25460229
File Copy: C:\Program Files\SmartDraw 2010\Ribbons.exe | 08-25-2009 | 16:49:00 | 4.65.0.0 | 342021 | c4cad8b2
File Copy: C:\Program Files\SmartDraw 2010\Program.exe | 09-11-2009 | 15:42:02 | 4.65.0.0 | 9700585 | 62b77c0f
File Copy: C:\Program Files\SmartDraw 2010\SmartHelp.exe | 08-26-2009 | 15:36:00 | 4.65.0.0 | 2523129 | e9f2081c
File Copy: C:\Program Files\SmartDraw 2010\Tooltips.exe | 08-21-2009 | 16:38:02 | 4.65.0.0 | 438630 | e1676b5e
File Copy: C:\Program Files\SmartDraw 2010\Spelling.exe | 08-21-2009 | 16:38:02 | 4.65.0.0 | 2518313 | 55f0b2b5
Made Dir: C:\Program Files\SmartDraw 2010\Library
Made Dir: C:\Program Files\SmartDraw 2010\Library\My Symbols
Made Dir: C:\Program Files\SmartDraw 2010\Library\My Symbols\My Symbols - 1
File Copy: C:\Program Files\SmartDraw 2010\Library.exe | 09-04-2009 | 20:03:38 | 4.65.0.0 | 4424057 | d1bac5fd
File Copy: C:\Program Files\SmartDraw 2010\Templates.exe | 09-04-2009 | 20:03:46 | 4.65.0.0 | 1540877 | b7fb2ad0
File Copy: C:\Program Files\SmartDraw 2010\Library\SmartDrawContent.ini | 08-21-2009 | 16:10:30 | | 53 | 1a100645
Execute path: C:\Program Files\SmartDraw 2010\Messages\SDNotify.exe -PTE -V1800 -SSDU.ini -A -Mhttp://www.smartdraw.com/msgs/messagecheck.aspx -UA
File Copy: C:\Program Files\SmartDraw 2010\Dialog.exe | 08-21-2009 | 16:34:34 | 4.65.0.0 | 399524 | 2e4f3273
INI File: C:\Program Files\SmartDraw 2010\LIBRARY\SmartDrawContent.ini
INI Sect: Global
INI Item: ContentBuild
INI Val: 0
INI Old: 1249758030
INI File: C:\Program Files\SmartDraw 2010\LIBRARY\SmartDrawContent.ini
INI Sect: Global
INI Item: ContentAdded
INI Val: 1
INI File: C:\Program Files\SmartDraw 2010\LIBRARY\SmartDrawContent.ini
INI Sect: Global
INI Item: Spelling
INI Val: 1	
INI File: C:\Program Files\SmartDraw 2010\LIBRARY\SmartDrawContent.ini
INI Sect: Global
INI Item: Filters
INI Val: 1
INI File: C:\Program Files\SmartDraw 2010\LIBRARY\SmartDrawContent.ini
INI Sect: Global
INI Item: Active
INI Val: 1
INI File: C:\Program Files\SmartDraw 2010\LIBRARY\SmartDrawContent.ini
INI Sect: Global
INI Item: TrialNoRec
INI Val: 1
INI File: C:\Program Files\SmartDraw 2010\LIBRARY\SmartDrawContent.ini
INI Sect: Global
INI Item: TrialDOnFirst
INI Val: 1
INI File: C:\Program Files\SmartDraw 2010\LIBRARY\SmartDrawContent.ini
INI Sect: Global
INI Item: BuySurvey
INI Val: http://www.smartdraw.com/plink/buysurvey.aspx
INI File: C:\Program Files\SmartDraw 2010\LIBRARY\SmartDrawContent.ini
INI Sect: Global
INI Item: ShowTemplateSmartHelp
INI Val: 0
INI File: C:\Program Files\SmartDraw 2010\LIBRARY\SmartDrawContent.ini
INI Sect: Global
INI Item: DownloadID
INI Val: 1346
INI File: C:\Program Files\SmartDraw 2010\LIBRARY\SmartDrawContent.ini
INI Sect: Global
INI Item: ButtonPath
INI Val: Home|New|Basics|
INI File: C:\Program Files\SmartDraw 2010\LIBRARY\SmartDrawContent.ini
INI Sect: Global
INI Item: SubCategory
INI Val: More
INI File: C:\Program Files\SmartDraw 2010\LIBRARY\SmartDrawContent.ini
INI Sect: Global
INI Item: TemplateTab
INI Val: 1
INI File: C:\Program Files\SmartDraw 2010\LIBRARY\SmartDrawContent.ini
INI Sect: Global
INI Item: Bitmask
INI Val: 0
INI File: C:\Program Files\SmartDraw 2010\LIBRARY\SmartDrawContent.ini
INI Sect: Global
INI Item: TrialOffer
INI Val: 0
INI File: C:\Program Files\SmartDraw 2010\LIBRARY\SmartDrawContent.ini
INI Sect: Global
INI Item: DownloadCode
INI Val: DWXIU
INI File: C:\Program Files\SmartDraw 2010\LIBRARY\SmartDrawContent.ini
INI Sect: Global
INI Item: ContentBuild
INI Val: 0
INI Old: 0
INI File: C:\Program Files\SmartDraw 2010\LIBRARY\SmartDrawContent.ini
INI Sect: Global
INI Item: ContentAdded
INI Val: 1
INI Old: 1
INI File: C:\Program Files\SmartDraw 2010\LIBRARY\SmartDrawContent.ini
INI Sect: Global
INI Item: Catalog
INI Val: 1
INI File: C:\Program Files\SmartDraw 2010\LIBRARY\SmartDrawContent.ini
INI Sect: Global
INI Item: Standard
INI Val: 1
INI File: C:\Program Files\SmartDraw 2010\LIBRARY\SmartDrawContent.ini
INI Sect: Global
INI Item: Spelling
INI Val: 1	
INI Old: 1
INI File: C:\Program Files\SmartDraw 2010\LIBRARY\SmartDrawContent.ini
INI Sect: Global
INI Item: Filters
INI Val: 1
INI Old: 1
Shell Link: C:\Documents and Settings\Lord Lion\Desktop\SmartDraw 2010.lnk
Link Info: C:\Program Files\SmartDraw 2010\SmartDraw.exe | C:\Program Files\SmartDraw 2010 |  | 0 | 1 | 0 | 
Shell Link: C:\Documents and Settings\Lord Lion\Start Menu\Programs\SmartDraw 2010\SmartDraw 2010.lnk
Link Info: C:\Program Files\SmartDraw 2010\SmartDraw.exe |  |  | 0 | 1 | 0 | 
Made Dir: C:\Documents and Settings\Lord Lion\Start Menu\Programs\SmartDraw 2010
Shell Link: C:\Documents and Settings\Lord Lion\Start Menu\Programs\SmartDraw 2010\Uninstall SmartDraw 2010.lnk
Link Info: C:\Program Files\SmartDraw 2010\Uninstall.exe |  |  | 0 | 1 | 0 | "C:\Program Files\SmartDraw 2010\Install.log" SmartDraw Uninstall
Self-Register: C:\Program Files\SmartDraw 2010\dsoframer.ocx
Self-Register: C:\Program Files\SmartDraw 2010\SDThumbnail.dll
Self-Register: C:\Program Files\SmartDraw 2010\SmartDrawIFilter.dll
Self-Register: C:\Program Files\SmartDraw 2010\SDExcelImport.dll
RegDB Key: Software\SmartDraw.com\SmartDraw\tinstall
RegDB Val: 1
RegDB Root: 1
RegDB Key: Software\SmartDraw.com\SmartDraw\CompletePath
RegDB Val: C:\Program Files\SmartDraw 2010
RegDB Root: 1
RegDB Key: Software\SmartDraw.com\SmartDraw\Agreement
RegDB Val: 1
RegDB Root: 1
RegDB Key: Software\SmartDraw.com\SmartDraw\TrialMessaging
RegDB Val: 1
RegDB Root: 1
RegDB Key: Software\Microsoft\Windows\CurrentVersion\Uninstall\SmartDraw 2010
RegDB Val: SmartDraw 2010
RegDB Name: DisplayName
RegDB Root: 1
RegDB Key: Software\Microsoft\Windows\CurrentVersion\Uninstall\SmartDraw 2010
RegDB Val: "C:\Program Files\SmartDraw 2010\Uninstall.exe" "C:\Program Files\SmartDraw 2010\Install.log" SmartDraw Uninstall
RegDB Name: UninstallString
RegDB Root: 1
User Rights: Admin
